<?xml version="1.0" encoding="UTF-8"?>
<testng-results ignored="0" total="1" passed="1" failed="0" skipped="0">
  <reporter-output>
  </reporter-output>
  <suite started-at="2021-02-18T22:27:29 IST" name="Default suite" finished-at="2021-02-18T22:27:32 IST" duration-ms="2759">
    <groups>
    </groups>
    <test started-at="2021-02-18T22:27:29 IST" name="Default test" finished-at="2021-02-18T22:27:32 IST" duration-ms="2759">
      <class name="Test.Test1">
        <test-method is-config="true" signature="setup()[pri:0, instance:Test.Test1@327b636c]" started-at="2021-02-18T22:27:29 IST" name="setup" finished-at="2021-02-18T22:27:29 IST" duration-ms="17" status="PASS">
          <reporter-output>
          </reporter-output>
        </test-method> <!-- setup -->
        <test-method signature="getsetup()[pri:0, instance:Test.Test1@327b636c]" started-at="2021-02-18T22:27:29 IST" name="getsetup" finished-at="2021-02-18T22:27:32 IST" duration-ms="2642" status="PASS">
          <reporter-output>
          </reporter-output>
        </test-method> <!-- getsetup -->
      </class> <!-- Test.Test1 -->
    </test> <!-- Default test -->
  </suite> <!-- Default suite -->
</testng-results>
